[2019-01-12 07:03:31] local.INFO: ------------------------------------------------------------------------------------------------------------------------------  
[2019-01-12 07:03:31] local.INFO: activity name : add  
[2019-01-12 07:03:31] local.INFO: segment(3) : add  
[2019-01-12 07:03:31] local.INFO: 12  
[2019-01-12 07:03:31] local.INFO: Next : http://localhost/motobike_news/public/admin/role/add  
[2019-01-12 07:03:34] local.INFO: ------------------------------------------------------------------------------------------------------------------------------  
[2019-01-12 07:03:34] local.ERROR: Rollback : http://localhost/motobike_news/public/admin/policy/list  
[2019-01-12 07:03:34] local.INFO: ------------------------------------------------------------------------------------------------------------------------------  
[2019-01-12 07:03:34] local.INFO: activity name : add  
[2019-01-12 07:03:34] local.INFO: segment(3) :   
[2019-01-12 07:03:34] local.INFO: 12  
[2019-01-12 07:03:34] local.INFO: Next : http://localhost/motobike_news/public/admin/dashboard  
[2019-01-12 07:04:07] local.INFO: ------------------------------------------------------------------------------------------------------------------------------  
[2019-01-12 07:04:07] local.INFO: activity name : add  
[2019-01-12 07:04:07] local.INFO: segment(3) :   
[2019-01-12 07:04:07] local.INFO: 12  
[2019-01-12 07:04:07] local.INFO: Next : http://localhost/motobike_news/public/admin/dashboard  
[2019-01-12 07:06:14] local.INFO: ------------------------------------------------------------------------------------------------------------------------------  
[2019-01-12 07:06:14] local.INFO: activity name : add  
[2019-01-12 07:06:14] local.INFO: segment(3) : list  
[2019-01-12 07:06:14] local.INFO: 12  
[2019-01-12 07:06:14] local.INFO: Next : http://localhost/motobike_news/public/admin/comment/list  
[2019-01-12 07:06:14] local.ERROR: Rollback : http://localhost/motobike_news/public/admin/comment/list  
[2019-01-12 07:06:14] local.INFO: ------------------------------------------------------------------------------------------------------------------------------  
[2019-01-12 07:06:15] local.INFO: activity name : add  
[2019-01-12 07:06:15] local.INFO: segment(3) :   
[2019-01-12 07:06:15] local.INFO: 12  
[2019-01-12 07:06:15] local.INFO: Next : http://localhost/motobike_news/public/admin/dashboard  
[2019-01-12 07:06:17] local.INFO: ------------------------------------------------------------------------------------------------------------------------------  
[2019-01-12 07:06:17] local.INFO: activity name : add  
[2019-01-12 07:06:17] local.INFO: segment(3) : add  
[2019-01-12 07:06:17] local.INFO: 12  
[2019-01-12 07:06:17] local.INFO: Next : http://localhost/motobike_news/public/admin/user/add  
[2019-01-12 07:06:18] local.INFO: ------------------------------------------------------------------------------------------------------------------------------  
[2019-01-12 07:06:18] local.INFO: activity name : add  
[2019-01-12 07:06:18] local.INFO: segment(3) : list  
[2019-01-12 07:06:18] local.INFO: 12  
[2019-01-12 07:06:18] local.INFO: Next : http://localhost/motobike_news/public/admin/user/list  
[2019-01-12 07:06:18] local.ERROR: Rollback : http://localhost/motobike_news/public/admin/user/list  
[2019-01-12 07:06:19] local.INFO: ------------------------------------------------------------------------------------------------------------------------------  
[2019-01-12 07:06:19] local.INFO: activity name : add  
[2019-01-12 07:06:19] local.INFO: segment(3) :   
[2019-01-12 07:06:19] local.INFO: 12  
[2019-01-12 07:06:19] local.INFO: Next : http://localhost/motobike_news/public/admin/dashboard  
[2019-01-12 07:07:29] local.INFO: ------------------------------------------------------------------------------------------------------------------------------  
[2019-01-12 07:07:29] local.INFO: activity name : add  
[2019-01-12 07:07:29] local.INFO: segment(3) : add  
[2019-01-12 07:07:29] local.INFO: 12  
[2019-01-12 07:07:29] local.INFO: Next : http://localhost/motobike_news/public/admin/user/add  
[2019-01-12 07:07:31] local.INFO: ------------------------------------------------------------------------------------------------------------------------------  
[2019-01-12 07:07:31] local.INFO: activity name : add  
[2019-01-12 07:07:31] local.INFO: segment(3) : list  
[2019-01-12 07:07:31] local.INFO: 12  
[2019-01-12 07:07:31] local.INFO: Next : http://localhost/motobike_news/public/admin/user/list  
[2019-01-12 07:07:31] local.ERROR: Rollback : http://localhost/motobike_news/public/admin/user/list  
[2019-01-12 07:07:31] local.INFO: ------------------------------------------------------------------------------------------------------------------------------  
[2019-01-12 07:07:31] local.INFO: activity name : add  
[2019-01-12 07:07:31] local.INFO: segment(3) :   
[2019-01-12 07:07:31] local.INFO: 12  
[2019-01-12 07:07:31] local.INFO: Next : http://localhost/motobike_news/public/admin/dashboard  
[2019-01-12 07:12:23] local.INFO: ------------------------------------------------------------------------------------------------------------------------------  
[2019-01-12 07:12:25] local.INFO: ------------------------------------------------------------------------------------------------------------------------------  
[2019-01-12 07:12:26] local.INFO: ------------------------------------------------------------------------------------------------------------------------------  
[2019-01-12 07:12:32] local.INFO: ------------------------------------------------------------------------------------------------------------------------------  
[2019-01-12 07:12:47] local.INFO: ------------------------------------------------------------------------------------------------------------------------------  
[2019-01-12 07:12:52] local.INFO: ------------------------------------------------------------------------------------------------------------------------------  
[2019-01-12 07:12:54] local.INFO: ------------------------------------------------------------------------------------------------------------------------------  
[2019-01-12 07:12:54] local.INFO: ------------------------------------------------------------------------------------------------------------------------------  
[2019-01-12 07:13:32] local.INFO: ------------------------------------------------------------------------------------------------------------------------------  
[2019-01-12 07:14:08] local.INFO: ------------------------------------------------------------------------------------------------------------------------------  
[2019-01-12 07:14:35] local.INFO: ------------------------------------------------------------------------------------------------------------------------------  
[2019-01-12 07:14:36] local.INFO: ------------------------------------------------------------------------------------------------------------------------------  
[2019-01-12 07:14:37] local.INFO: ------------------------------------------------------------------------------------------------------------------------------  
[2019-01-12 07:14:55] local.INFO: ------------------------------------------------------------------------------------------------------------------------------  
[2019-01-12 07:14:56] local.INFO: ------------------------------------------------------------------------------------------------------------------------------  
